d:\autobusnikolodvor-oop-ivanevačić\autobusnikolodvor\debug\autobusnikolodvor.pch
d:\autobusnikolodvor-oop-ivanevačić\autobusnikolodvor\debug\vc140.pdb
d:\autobusnikolodvor-oop-ivanevačić\autobusnikolodvor\debug\vc140.idb
d:\autobusnikolodvor-oop-ivanevačić\autobusnikolodvor\debug\stdafx.obj
d:\autobusnikolodvor-oop-ivanevačić\autobusnikolodvor\debug\autobusnikolodvor.obj
d:\autobusnikolodvor-oop-ivanevačić\autobusnikolodvor\debug\grad.obj
d:\autobusnikolodvor-oop-ivanevačić\autobusnikolodvor\debug\karta.obj
d:\autobusnikolodvor-oop-ivanevačić\autobusnikolodvor\debug\tinyxml2.obj
d:\autobusnikolodvor-oop-ivanevačić\autobusnikolodvor\debug\zaposlenik.obj
c:\users\ivan evačić\documents\visual studio 2015\projects\autobusnikolodvor-oop-ivanevačić\autobusnikolodvor\debug\autobusnikolodvor.pch
c:\users\ivan evačić\documents\visual studio 2015\projects\autobusnikolodvor-oop-ivanevačić\autobusnikolodvor\debug\vc140.pdb
c:\users\ivan evačić\documents\visual studio 2015\projects\autobusnikolodvor-oop-ivanevačić\autobusnikolodvor\debug\vc140.idb
c:\users\ivan evačić\documents\visual studio 2015\projects\autobusnikolodvor-oop-ivanevačić\autobusnikolodvor\debug\stdafx.obj
c:\users\ivan evačić\documents\visual studio 2015\projects\autobusnikolodvor-oop-ivanevačić\autobusnikolodvor\debug\autobusnikolodvor.obj
c:\users\ivan evačić\documents\visual studio 2015\projects\autobusnikolodvor-oop-ivanevačić\autobusnikolodvor\debug\grad.obj
c:\users\ivan evačić\documents\visual studio 2015\projects\autobusnikolodvor-oop-ivanevačić\autobusnikolodvor\debug\karta.obj
c:\users\ivan evačić\documents\visual studio 2015\projects\autobusnikolodvor-oop-ivanevačić\autobusnikolodvor\debug\kolodvor.obj
c:\users\ivan evačić\documents\visual studio 2015\projects\autobusnikolodvor-oop-ivanevačić\autobusnikolodvor\debug\zaposlenik.obj
c:\users\ivan evačić\documents\visual studio 2015\projects\autobusnikolodvor-oop-ivanevačić\autobusnikolodvor\debug\tinyxml2.obj
c:\users\ivan evačić\documents\visual studio 2015\projects\autobusnikolodvor-oop-ivanevačić\debug\autobusnikolodvor.ilk
c:\users\ivan evačić\documents\visual studio 2015\projects\autobusnikolodvor-oop-ivanevačić\debug\autobusnikolodvor.exe
c:\users\ivan evačić\documents\visual studio 2015\projects\autobusnikolodvor-oop-ivanevačić\debug\autobusnikolodvor.pdb
c:\users\ivan evačić\documents\visual studio 2015\projects\autobusnikolodvor-oop-ivanevačić\autobusnikolodvor\debug\autobusn.69e39c84.tlog\cl.command.1.tlog
c:\users\ivan evačić\documents\visual studio 2015\projects\autobusnikolodvor-oop-ivanevačić\autobusnikolodvor\debug\autobusn.69e39c84.tlog\cl.read.1.tlog
c:\users\ivan evačić\documents\visual studio 2015\projects\autobusnikolodvor-oop-ivanevačić\autobusnikolodvor\debug\autobusn.69e39c84.tlog\cl.write.1.tlog
c:\users\ivan evačić\documents\visual studio 2015\projects\autobusnikolodvor-oop-ivanevačić\autobusnikolodvor\debug\autobusn.69e39c84.tlog\link.command.1.tlog
c:\users\ivan evačić\documents\visual studio 2015\projects\autobusnikolodvor-oop-ivanevačić\autobusnikolodvor\debug\autobusn.69e39c84.tlog\link.read.1.tlog
c:\users\ivan evačić\documents\visual studio 2015\projects\autobusnikolodvor-oop-ivanevačić\autobusnikolodvor\debug\autobusn.69e39c84.tlog\link.write.1.tlog
